[INFO  - 2017-12-26T03:16:40.502Z] GhostDriver - Main - running on port 51899
[INFO  - 2017-12-26T03:16:41.421Z] Session [3170ec80-e9eb-11e7-a144-793085e97ee3] - page.settings - {"XSSAuditingEnabled":false,"javascriptCanCloseWindows":true,"javascriptCanOpenWindows":true,"javascriptEnabled":true,"loadImages":true,"localToRemoteUrlAccessEnabled":false,"userAgent":"Mozilla/5.0 (Unknown; Linux x86_64) AppleWebKit/538.1 (KHTML, like Gecko) PhantomJS/2.1.1 Safari/538.1","webSecurityEnabled":true}
[INFO  - 2017-12-26T03:16:41.421Z] Session [3170ec80-e9eb-11e7-a144-793085e97ee3] - page.customHeaders:  - {}
[INFO  - 2017-12-26T03:16:41.421Z] Session [3170ec80-e9eb-11e7-a144-793085e97ee3] - Session.negotiatedCapabilities - {"browserName":"phantomjs","version":"2.1.1","driverName":"ghostdriver","driverVersion":"1.2.0","platform":"linux-unknown-64bit","javascriptEnabled":true,"takesScreenshot":true,"handlesAlerts":false,"databaseEnabled":false,"locationContextEnabled":false,"applicationCacheEnabled":false,"browserConnectionEnabled":false,"cssSelectorsEnabled":true,"webStorageEnabled":false,"rotatable":false,"acceptSslCerts":false,"nativeEvents":true,"proxy":{"proxyType":"direct"}}
[INFO  - 2017-12-26T03:16:41.422Z] SessionManagerReqHand - _postNewSessionCommand - New Session Created: 3170ec80-e9eb-11e7-a144-793085e97ee3
[ERROR - 2017-12-26T03:16:43.676Z] Session [3170ec80-e9eb-11e7-a144-793085e97ee3] - page.onError - msg: ReferenceError: Can't find variable: google

  phantomjs://platform/console++.js:263 in error
[ERROR - 2017-12-26T03:16:43.677Z] Session [3170ec80-e9eb-11e7-a144-793085e97ee3] - page.onError - stack:
  global code (http://www.bicicletar.com.br/mapaestacao.aspx:313)

  phantomjs://platform/console++.js:263 in error
[ERROR - 2017-12-26T03:17:45.651Z] Session [3170ec80-e9eb-11e7-a144-793085e97ee3] - page.onError - msg: ReferenceError: Can't find variable: google

  phantomjs://platform/console++.js:263 in error
[ERROR - 2017-12-26T03:17:45.651Z] Session [3170ec80-e9eb-11e7-a144-793085e97ee3] - page.onError - stack:
  global code (http://www.bicicletar.com.br/mapaestacao.aspx:313)

  phantomjs://platform/console++.js:263 in error
[ERROR - 2017-12-26T03:18:46.235Z] Session [3170ec80-e9eb-11e7-a144-793085e97ee3] - page.onError - msg: ReferenceError: Can't find variable: google

  phantomjs://platform/console++.js:263 in error
[ERROR - 2017-12-26T03:18:46.236Z] Session [3170ec80-e9eb-11e7-a144-793085e97ee3] - page.onError - stack:
  global code (http://www.bicicletar.com.br/mapaestacao.aspx:313)

  phantomjs://platform/console++.js:263 in error
[ERROR - 2017-12-26T03:19:46.788Z] Session [3170ec80-e9eb-11e7-a144-793085e97ee3] - page.onError - msg: ReferenceError: Can't find variable: google

  phantomjs://platform/console++.js:263 in error
[ERROR - 2017-12-26T03:19:46.788Z] Session [3170ec80-e9eb-11e7-a144-793085e97ee3] - page.onError - stack:
  global code (http://www.bicicletar.com.br/mapaestacao.aspx:313)

  phantomjs://platform/console++.js:263 in error
